c:\projects\cpp_framework_proj\cpp_framework\cpp_framework\x64\debug\vc143.pdb
c:\projects\cpp_framework_proj\cpp_framework\cpp_framework\x64\debug\vc143.idb
c:\projects\cpp_framework_proj\cpp_framework\cpp_framework\x64\debug\program.obj
c:\projects\cpp_framework_proj\cpp_framework\cpp_framework\x64\debug\main.obj
c:\projects\cpp_framework_proj\cpp_framework\cpp_framework\x64\debug\cpp_framework.ilk
c:\projects\cpp_framework_proj\cpp_framework\x64\debug\cpp_framework.pdb
c:\projects\cpp_framework_proj\cpp_framework\cpp_framework\x64\debug\cpp_framework.tlog\cl.command.1.tlog
c:\projects\cpp_framework_proj\cpp_framework\cpp_framework\x64\debug\cpp_framework.tlog\cl.items.tlog
c:\projects\cpp_framework_proj\cpp_framework\cpp_framework\x64\debug\cpp_framework.tlog\cl.read.1.tlog
c:\projects\cpp_framework_proj\cpp_framework\cpp_framework\x64\debug\cpp_framework.tlog\cl.write.1.tlog
c:\projects\cpp_framework_proj\cpp_framework\cpp_framework\x64\debug\cpp_framework.tlog\link-cvtres.read.1.tlog
c:\projects\cpp_framework_proj\cpp_framework\cpp_framework\x64\debug\cpp_framework.tlog\link-cvtres.write.1.tlog
c:\projects\cpp_framework_proj\cpp_framework\cpp_framework\x64\debug\cpp_framework.tlog\link-rc.read.1.tlog
c:\projects\cpp_framework_proj\cpp_framework\cpp_framework\x64\debug\cpp_framework.tlog\link-rc.write.1.tlog
c:\projects\cpp_framework_proj\cpp_framework\cpp_framework\x64\debug\cpp_framework.tlog\link.4688-cvtres.read.1.tlog
c:\projects\cpp_framework_proj\cpp_framework\cpp_framework\x64\debug\cpp_framework.tlog\link.4688-cvtres.write.1.tlog
c:\projects\cpp_framework_proj\cpp_framework\cpp_framework\x64\debug\cpp_framework.tlog\link.4688-rc.read.1.tlog
c:\projects\cpp_framework_proj\cpp_framework\cpp_framework\x64\debug\cpp_framework.tlog\link.4688-rc.write.1.tlog
c:\projects\cpp_framework_proj\cpp_framework\cpp_framework\x64\debug\cpp_framework.tlog\link.4688.read.1.tlog
c:\projects\cpp_framework_proj\cpp_framework\cpp_framework\x64\debug\cpp_framework.tlog\link.4688.read.2.tlog
c:\projects\cpp_framework_proj\cpp_framework\cpp_framework\x64\debug\cpp_framework.tlog\link.4688.write.1.tlog
c:\projects\cpp_framework_proj\cpp_framework\cpp_framework\x64\debug\cpp_framework.tlog\link.command.1.tlog
c:\projects\cpp_framework_proj\cpp_framework\cpp_framework\x64\debug\cpp_framework.tlog\link.read.1.tlog
c:\projects\cpp_framework_proj\cpp_framework\cpp_framework\x64\debug\cpp_framework.tlog\link.read.2.tlog
c:\projects\cpp_framework_proj\cpp_framework\cpp_framework\x64\debug\cpp_framework.tlog\link.secondary.1.tlog
c:\projects\cpp_framework_proj\cpp_framework\cpp_framework\x64\debug\cpp_framework.tlog\link.write.1.tlog
